Test report log generated on Wed Mar  3 18:09:26 CET 2021:
Batch test starting...
SUCCESS: ./vertical.txt is a valid input file. It will now be processed.
Executing: ./svg_to_wav vertical.txt 10 .1 48000 ...
Processing SUCCESS: Points of vertical.txt has been processed successfully.

Executing: ./svg_to_wav vertical.txt 10 1 48000 ...
Processing SUCCESS: Points of vertical.txt has been processed successfully.

Executing: ./svg_to_wav vertical.txt 10 10 48000 ...
Processing SUCCESS: Points of vertical.txt has been processed successfully.

Executing: ./svg_to_wav vertical.txt 10 100 48000 ...
Processing SUCCESS: Points of vertical.txt has been processed successfully.

Executing: ./svg_to_wav vertical.txt 10 1000 48000 ...
Processing SUCCESS: Points of vertical.txt has been processed successfully.

Executing: ./svg_to_wav vertical.txt 10 10000 48000 ...
Processing SUCCESS: Points of vertical.txt has been processed successfully.

SUCCESS: ./triangle.txt is a valid input file. It will now be processed.
Executing: ./svg_to_wav triangle.txt 10 .1 48000 ...
Processing SUCCESS: Points of triangle.txt has been processed successfully.

Executing: ./svg_to_wav triangle.txt 10 1 48000 ...
Processing SUCCESS: Points of triangle.txt has been processed successfully.

Executing: ./svg_to_wav triangle.txt 10 10 48000 ...
Processing SUCCESS: Points of triangle.txt has been processed successfully.

Executing: ./svg_to_wav triangle.txt 10 100 48000 ...
Processing SUCCESS: Points of triangle.txt has been processed successfully.

Executing: ./svg_to_wav triangle.txt 10 1000 48000 ...
Processing SUCCESS: Points of triangle.txt has been processed successfully.

Executing: ./svg_to_wav triangle.txt 10 10000 48000 ...
Processing SUCCESS: Points of triangle.txt has been processed successfully.

SUCCESS: ./horizontal.txt is a valid input file. It will now be processed.
Executing: ./svg_to_wav horizontal.txt 10 .1 48000 ...
Processing SUCCESS: Points of horizontal.txt has been processed successfully.

Executing: ./svg_to_wav horizontal.txt 10 1 48000 ...
Processing SUCCESS: Points of horizontal.txt has been processed successfully.

Executing: ./svg_to_wav horizontal.txt 10 10 48000 ...
Processing SUCCESS: Points of horizontal.txt has been processed successfully.

Executing: ./svg_to_wav horizontal.txt 10 100 48000 ...
Processing SUCCESS: Points of horizontal.txt has been processed successfully.

Executing: ./svg_to_wav horizontal.txt 10 1000 48000 ...
Processing SUCCESS: Points of horizontal.txt has been processed successfully.

Executing: ./svg_to_wav horizontal.txt 10 10000 48000 ...
Processing SUCCESS: Points of horizontal.txt has been processed successfully.

SUCCESS: ./batman.txt is a valid input file. It will now be processed.
Executing: ./svg_to_wav batman.txt 10 .1 48000 ...
Processing SUCCESS: Points of batman.txt has been processed successfully.

Executing: ./svg_to_wav batman.txt 10 1 48000 ...
Processing SUCCESS: Points of batman.txt has been processed successfully.

Executing: ./svg_to_wav batman.txt 10 10 48000 ...
Processing SUCCESS: Points of batman.txt has been processed successfully.

Executing: ./svg_to_wav batman.txt 10 100 48000 ...
Processing SUCCESS: Points of batman.txt has been processed successfully.

Executing: ./svg_to_wav batman.txt 10 1000 48000 ...
Processing SUCCESS: Points of batman.txt has been processed successfully.

Executing: ./svg_to_wav batman.txt 10 10000 48000 ...
Processing SUCCESS: Points of batman.txt has been processed successfully.

SUCCESS: ./square.txt is a valid input file. It will now be processed.
Executing: ./svg_to_wav square.txt 10 .1 48000 ...
Processing SUCCESS: Points of square.txt has been processed successfully.

Executing: ./svg_to_wav square.txt 10 1 48000 ...
Processing SUCCESS: Points of square.txt has been processed successfully.

Executing: ./svg_to_wav square.txt 10 10 48000 ...
Processing SUCCESS: Points of square.txt has been processed successfully.

Executing: ./svg_to_wav square.txt 10 100 48000 ...
Processing SUCCESS: Points of square.txt has been processed successfully.

Executing: ./svg_to_wav square.txt 10 1000 48000 ...
Processing SUCCESS: Points of square.txt has been processed successfully.

Executing: ./svg_to_wav square.txt 10 10000 48000 ...
Processing SUCCESS: Points of square.txt has been processed successfully.

FAIL(./invalid.txt): Invalid point in line 3 of file. Input point format is x,y where x and y are coordinates of the point (rational numbers).
FAIL: ./invalid.txt will not be processed due to errors.

SUCCESS: ./diamond.txt is a valid input file. It will now be processed.
Executing: ./svg_to_wav diamond.txt 10 .1 48000 ...
Processing SUCCESS: Points of diamond.txt has been processed successfully.

Executing: ./svg_to_wav diamond.txt 10 1 48000 ...
Processing SUCCESS: Points of diamond.txt has been processed successfully.

Executing: ./svg_to_wav diamond.txt 10 10 48000 ...
Processing SUCCESS: Points of diamond.txt has been processed successfully.

Executing: ./svg_to_wav diamond.txt 10 100 48000 ...
Processing SUCCESS: Points of diamond.txt has been processed successfully.

Executing: ./svg_to_wav diamond.txt 10 1000 48000 ...
Processing SUCCESS: Points of diamond.txt has been processed successfully.

Executing: ./svg_to_wav diamond.txt 10 10000 48000 ...
Processing SUCCESS: Points of diamond.txt has been processed successfully.

